<?xml version="1.0" encoding="UTF-8"?>
<!-- Generated by org.testng.reporters.JUnitReportReporter -->
<testsuite hostname="DESKTOP-NHTJCKH" failures="0" tests="2" name="Testautomation.Testautomation.Register" time="18.601" errors="0" timestamp="2022-10-09T01:01:33 EET" skipped="0">
  <testcase classname="Testautomation.Testautomation.Register" name="Registeration" time="7.595"/>
  <system-out/>
  <testcase classname="Testautomation.Testautomation.Register" name="Registeration" time="11.006"/>
  <system-out/>
</testsuite> <!-- Testautomation.Testautomation.Register -->
